<?xml version="1.0" encoding="UTF-8"?>
<!-- Generated by org.testng.reporters.JUnitReportReporter -->
<testsuite hostname="TYSS-Adarsh" failures="0" tests="1" name="practice.SoftAssertions" time="0.011" errors="0" timestamp="2022-01-19T11:47:50 IST" skipped="0">
  <testcase classname="practice.SoftAssertions" name="sample" time="0.011"/>
  <system-out>
    <![CDATA[this is soft asster class ]]>
  </system-out>
</testsuite> <!-- practice.SoftAssertions -->
