<?xml version="1.0" encoding="UTF-8"?>
<!-- Generated by org.testng.reporters.JUnitReportReporter -->
<testsuite hostname="TYSS-Adarsh" failures="0" tests="1" name="practice.Demo" time="0.005" errors="0" timestamp="2022-01-19T18:34:34 IST" skipped="0">
  <testcase classname="practice.Demo" name="aa" time="0.005"/>
  <system-out/>
</testsuite> <!-- practice.Demo -->
