<?xml version="1.0" encoding="UTF-8"?>
<!-- Generated by org.testng.reporters.JUnitReportReporter -->
<testsuite hostname="TYSS-Adarsh" failures="0" tests="2" name="ContactTest.CreateContactTest" time="31.707" errors="0" timestamp="2022-01-19T11:14:44 IST" skipped="0">
  <testcase classname="ContactTest.CreateContactTest" name="createContactWithLeadSource" time="15.893"/>
  <system-out/>
  <testcase classname="ContactTest.CreateContactTest" name="createConctact" time="15.814"/>
  <system-out/>
</testsuite> <!-- ContactTest.CreateContactTest -->
