<?xml version="1.0" encoding="UTF-8"?>
<!-- Generated by org.testng.reporters.JUnitReportReporter -->
<testsuite hostname="TYSS-Adarsh" failures="0" tests="1" name="practice.DemoForTakingScreenShot" time="0.017" errors="0" timestamp="2022-01-20T11:09:32 IST" skipped="0">
  <testcase classname="practice.DemoForTakingScreenShot" name="sample" time="0.017"/>
  <system-out/>
</testsuite> <!-- practice.DemoForTakingScreenShot -->
