<?xml version="1.0" encoding="UTF-8"?>
<!-- Generated by org.testng.reporters.JUnitReportReporter -->
<testsuite hostname="TYSS-Adarsh" failures="0" tests="3" name="practice.CreateOrg" time="0.011" errors="0" timestamp="2022-01-18T11:51:08 IST" skipped="0">
  <testcase classname="practice.CreateOrg" name="org" time="0.006"/>
  <system-out/>
  <testcase classname="practice.CreateOrg" name="contact" time="0.003"/>
  <system-out/>
  <testcase classname="practice.CreateOrg" name="product" time="0.002"/>
  <system-out/>
</testsuite> <!-- practice.CreateOrg -->
