<?xml version="1.0" encoding="UTF-8"?>
<!-- Generated by org.testng.reporters.JUnitXMLReporter -->
<testsuite ignored="0" hostname="TYSS-Adarsh" failures="0" tests="2" name="Test-runner-2" time="46.198" errors="0" timestamp="2022-01-18T16:36:11 IST">
  <testcase classname="OrganizationTest.CreateOrganizationTest" name="createOrg" time="15.152"/>
  <testcase classname="OrganizationTest.CreateOrganizationTest" name="createOrgWithIndustry" time="15.978"/>
</testsuite> <!-- Test-runner-2 -->
