<?xml version="1.0" encoding="UTF-8"?>
<!-- Generated by org.testng.reporters.JUnitXMLReporter -->
<testsuite ignored="0" hostname="TYSS-Adarsh" failures="0" tests="2" name="Test-runner-1" time="46.2" errors="0" timestamp="2022-01-18T16:36:11 IST">
  <testcase classname="ContactTest.CreateContactTest" name="createConctact" time="14.905"/>
  <testcase classname="ContactTest.CreateContactTest" name="createContactWithLeadSource" time="15.267"/>
</testsuite> <!-- Test-runner-1 -->
